2021-05-28 12:17:34,210	LoggerReporter	started	INFO: Beginning AnADAMA run with 13 tasks.
2021-05-28 12:17:34,215	LoggerReporter	started	INFO: Workflow description = Analysis Template
2021-05-28 12:17:34,215	LoggerReporter	started	INFO: Workflow version = 0.0.1
2021-05-28 12:17:34,215	LoggerReporter	started	INFO: Workflow configuration options
2021-05-28 12:17:34,215	LoggerReporter	started	INFO: lines = 10
2021-05-28 12:17:34,215	LoggerReporter	started	INFO: metadata = input/metadata.tsv
2021-05-28 12:17:34,215	LoggerReporter	started	INFO: output = output
2021-05-28 12:17:34,215	LoggerReporter	started	INFO: input = input/data.tsv
2021-05-28 12:17:34,215	LoggerReporter	started	INFO: config = None
2021-05-28 12:17:34,215	LoggerReporter	started	INFO: jobs = 1
2021-05-28 12:17:34,215	LoggerReporter	started	INFO: grid_jobs = 0
2021-05-28 12:17:34,215	LoggerReporter	started	INFO: grid = aws
2021-05-28 12:17:34,215	LoggerReporter	started	INFO: grid_partition = general
2021-05-28 12:17:34,216	LoggerReporter	started	INFO: grid_benchmark = on
2021-05-28 12:17:34,216	LoggerReporter	started	INFO: grid_options = None
2021-05-28 12:17:34,216	LoggerReporter	started	INFO: grid_environment = None
2021-05-28 12:17:34,216	LoggerReporter	started	INFO: grid_scratch = None
2021-05-28 12:17:34,216	LoggerReporter	started	INFO: dry_run = False
2021-05-28 12:17:34,216	LoggerReporter	started	INFO: skip_nothing = False
2021-05-28 12:17:34,216	LoggerReporter	started	INFO: quit_early = False
2021-05-28 12:17:34,216	LoggerReporter	started	INFO: until_task = None
2021-05-28 12:17:34,216	LoggerReporter	started	INFO: exclude_task = None
2021-05-28 12:17:34,216	LoggerReporter	started	INFO: target = None
2021-05-28 12:17:34,216	LoggerReporter	started	INFO: exclude_target = None
2021-05-28 12:17:34,216	LoggerReporter	started	INFO: log_level = INFO
2021-05-28 12:17:34,221	LoggerReporter	log_event	INFO: task 12, document : ready and waiting for resources 
2021-05-28 12:17:34,222	LoggerReporter	log_event	INFO: task 12, document : starting to run 
2021-05-28 12:17:35,058	anadama2.helpers	actually_sh	INFO: Executing with shell: pandoc /Users/sam1389/Desktop/workspace/Analysis-workflows-template/output/tmpolx1cl2i/pdfReport.md -o /Users/sam1389/Desktop/workspace/Analysis-workflows-template/output/tmpolx1cl2i/pdfReport..pdf --variable=linkcolor:Blue --variable=toccolor:Blue --pdf-engine=pdflatex --standalone
2021-05-28 12:17:36,097	anadama2.helpers	actually_sh	INFO: Execution complete. Stdout: 
Stderr: 
2021-05-28 12:17:36,101	LoggerReporter	log_event	INFO: task 12, document : completed successfully 
2021-05-28 12:17:36,101	LoggerReporter	log_event	INFO: task 10, remove_end_tabs : ready and waiting for resources 
2021-05-28 12:17:36,102	LoggerReporter	log_event	INFO: task 10, remove_end_tabs : starting to run 
2021-05-28 12:17:36,104	LoggerReporter	task_failed	ERROR: task 10, remove_end_tabs :  Failed! Error message : Error executing action 0. Original Exception: 
Traceback (most recent call last):
  File "/Users/sam1389/.pyenv/versions/3.7.8/lib/python3.7/site-packages/anadama2/runners.py", line 201, in _run_task_locally
    action_func(task)
  File "run.py", line 68, in remove_end_tabs_function
    with open(task.targets[0].name, 'w') as file_handle_out:
FileNotFoundError: [Errno 2] No such file or directory: '/Users/sam1389/Desktop/workspace/Analysis-workflows-template/output/data/data.tsv.notabs'
 
2021-05-28 12:17:36,959	LoggerReporter	log_event	INFO: task 8, src/analysis.R : ready and waiting for resources 
2021-05-28 12:17:36,959	LoggerReporter	log_event	INFO: task 8, src/analysis.R : starting to run 
2021-05-28 12:17:37,266	LoggerReporter	task_command	INFO: Executing with shell:  src/analysis.R -o /Users/sam1389/Desktop/workspace/Analysis-workflows-template/output -d input/metadata.tsv
2021-05-28 12:17:39,262	LoggerReporter	task_failed	ERROR: task 8, src/analysis.R :  Failed! Error message : Error executing action 0. Original Exception: 
Traceback (most recent call last):
  File "/Users/sam1389/.pyenv/versions/3.7.8/lib/python3.7/site-packages/anadama2/runners.py", line 201, in _run_task_locally
    action_func(task)
  File "/Users/sam1389/.pyenv/versions/3.7.8/lib/python3.7/site-packages/anadama2/helpers.py", line 89, in actually_sh
    ret = _sh(s, **kwargs)
  File "/Users/sam1389/.pyenv/versions/3.7.8/lib/python3.7/site-packages/anadama2/util/__init__.py", line 320, in sh
    raise ShellException(proc.returncode, msg.format(cmd, ret[0], ret[1]))
anadama2.util.ShellException: [Errno 1] Command `src/analysis.R -o /Users/sam1389/Desktop/workspace/Analysis-workflows-template/output -d input/metadata.tsv' failed. 
Out: b'2021-05-28 12:17:39 INFO::Performing analysis data\n'
Err: b'Loading required package: docopt\n\xe2\x94\x80\xe2\x94\x80 Attaching packages \xe2\x94\x80\xe2\x94\x80\xe2\x94\x80\xe2\x94\x80\xe2\x94\x80\xe2\x94\x80\xe2\x94\x80\xe2\x94\x80\xe2\x94\x80\xe2\x94\x80\xe2\x94\x80\xe2\x94\x80\xe2\x94\x80\xe2\x94\x80\xe2\x94\x80\xe2\x94\x80\xe2\x94\x80\xe2\x94\x80\xe2\x94\x80\xe2\x94\x80\xe2\x94\x80\xe2\x94\x80\xe2\x94\x80\xe2\x94\x80\xe2\x94\x80\xe2\x94\x80\xe2\x94\x80\xe2\x94\x80\xe2\x94\x80\xe2\x94\x80\xe2\x94\x80\xe2\x94\x80\xe2\x94\x80\xe2\x94\x80\xe2\x94\x80\xe2\x94\x80\xe2\x94\x80\xe2\x94\x80\xe2\x94\x80 tidyverse 1.3.0 \xe2\x94\x80\xe2\x94\x80\n\xe2\x9c\x94 ggplot2 3.3.3     \xe2\x9c\x94 purrr   0.3.4\n\xe2\x9c\x94 tibble  3.0.4     \xe2\x9c\x94 dplyr   1.0.2\n\xe2\x9c\x94 tidyr   1.1.2     \xe2\x9c\x94 stringr 1.4.0\n\xe2\x9c\x94 readr   1.4.0     \xe2\x9c\x94 forcats 0.5.0\n\xe2\x94\x80\xe2\x94\x80 Conflicts \xe2\x94\x80\xe2\x94\x80\xe2\x94\x80\xe2\x94\x80\xe2\x94\x80\xe2\x94\x80\xe2\x94\x80\xe2\x94\x80\xe2\x94\x80\xe2\x94\x80\xe2\x94\x80\xe2\x94\x80\xe2\x94\x80\xe2\x94\x80\xe2\x94\x80\xe2\x94\x80\xe2\x94\x80\xe2\x94\x80\xe2\x94\x80\xe2\x94\x80\xe2\x94\x80\xe2\x94\x80\xe2\x94\x80\xe2\x94\x80\xe2\x94\x80\xe2\x94\x80\xe2\x94\x80\xe2\x94\x80\xe2\x94\x80\xe2\x94\x80\xe2\x94\x80\xe2\x94\x80\xe2\x94\x80\xe2\x94\x80\xe2\x94\x80\xe2\x94\x80\xe2\x94\x80\xe2\x94\x80\xe2\x94\x80\xe2\x94\x80\xe2\x94\x80\xe2\x94\x80 tidyverse_conflicts() \xe2\x94\x80\xe2\x94\x80\n\xe2\x9c\x96 dplyr::filter() masks stats::filter()\n\xe2\x9c\x96 dplyr::lag()    masks stats::lag()\n\nAttaching package: \xe2\x80\x98reshape2\xe2\x80\x99\n\nThe following object is masked from \xe2\x80\x98package:tidyr\xe2\x80\x99:\n\n    smiths\n\nUsing sample_id as id variables\nError in file(file, ifelse(append, "a", "w")) : \n  cannot open the connection\nCalls: write.table -> file\nIn addition: Warning message:\nIn file(file, ifelse(append, "a", "w")) :\n  cannot open file \'/Users/sam1389/Desktop/workspace/Analysis-workflows-template/output/data/r_output.tsv\': No such file or directory\nExecution halted\n'
 
2021-05-28 12:17:39,975	LoggerReporter	log_event	INFO: task 6, src/plot.py : ready and waiting for resources 
2021-05-28 12:17:39,976	LoggerReporter	log_event	INFO: task 6, src/plot.py : starting to run 
2021-05-28 12:17:40,556	LoggerReporter	task_command	INFO: Executing with shell:  src/plot.py --output /Users/sam1389/Desktop/workspace/Analysis-workflows-template/output --input input/data.tsv
2021-05-28 12:17:41,548	anadama2.helpers	actually_sh	INFO: Execution complete. Stdout: 
Stderr: 
2021-05-28 12:17:41,549	LoggerReporter	log_event	INFO: task 6, src/plot.py : completed successfully 
2021-05-28 12:17:41,934	LoggerReporter	log_event	INFO: task 4, src/trim.py : ready and waiting for resources 
2021-05-28 12:17:41,934	LoggerReporter	log_event	INFO: task 4, src/trim.py : starting to run 
2021-05-28 12:17:42,287	LoggerReporter	task_command	INFO: Executing with shell:  src/trim.py --lines 10 --output /Users/sam1389/Desktop/workspace/Analysis-workflows-template/output --input input/data.tsv
2021-05-28 12:17:42,662	LoggerReporter	task_failed	ERROR: task 4, src/trim.py :  Failed! Error message : Error executing action 0. Original Exception: 
Traceback (most recent call last):
  File "/Users/sam1389/.pyenv/versions/3.7.8/lib/python3.7/site-packages/anadama2/runners.py", line 201, in _run_task_locally
    action_func(task)
  File "/Users/sam1389/.pyenv/versions/3.7.8/lib/python3.7/site-packages/anadama2/helpers.py", line 89, in actually_sh
    ret = _sh(s, **kwargs)
  File "/Users/sam1389/.pyenv/versions/3.7.8/lib/python3.7/site-packages/anadama2/util/__init__.py", line 320, in sh
    raise ShellException(proc.returncode, msg.format(cmd, ret[0], ret[1]))
anadama2.util.ShellException: [Errno 1] Command `src/trim.py --lines 10 --output /Users/sam1389/Desktop/workspace/Analysis-workflows-template/output --input input/data.tsv' failed. 
Out: b''
Err: b'Traceback (most recent call last):\n  File "src/trim.py", line 19, in <module>\n    trim_tsv(args.input,args.output,args.lines)\n  File "src/trim.py", line 10, in trim_tsv\n    temp.to_csv(output+"/data/"+filename[-1]+".tsv", sep="\\t", index=False)\n  File "/Users/sam1389/.pyenv/versions/3.7.8/lib/python3.7/site-packages/pandas/core/generic.py", line 3204, in to_csv\n    formatter.save()\n  File "/Users/sam1389/.pyenv/versions/3.7.8/lib/python3.7/site-packages/pandas/io/formats/csvs.py", line 188, in save\n    compression=dict(self.compression_args, method=self.compression),\n  File "/Users/sam1389/.pyenv/versions/3.7.8/lib/python3.7/site-packages/pandas/io/common.py", line 428, in get_handle\n    f = open(path_or_buf, mode, encoding=encoding, newline="")\nFileNotFoundError: [Errno 2] No such file or directory: \'/Users/sam1389/Desktop/workspace/Analysis-workflows-template/output/data/output.tsv\'\n'
 
2021-05-28 12:17:42,686	LoggerReporter	log_event	INFO: task 3, ls $HOME/.local/bin/ | sort > output/local_exe.txt : ready and waiting for resources 
2021-05-28 12:17:42,687	LoggerReporter	log_event	INFO: task 3, ls $HOME/.local/bin/ | sort > output/local_exe.txt : starting to run 
2021-05-28 12:17:42,705	LoggerReporter	task_command	INFO: Tracked executable version:  2.3-Apple (99)

2021-05-28 12:17:42,706	LoggerReporter	task_command	INFO: Executing with shell:  ls $HOME/.local/bin/ | sort > output/local_exe.txt
2021-05-28 12:17:42,720	anadama2.helpers	actually_sh	INFO: Execution complete. Stdout: 
Stderr: 
2021-05-28 12:17:42,721	LoggerReporter	log_event	INFO: task 3, ls $HOME/.local/bin/ | sort > output/local_exe.txt : completed successfully 
2021-05-28 12:17:42,739	LoggerReporter	log_event	INFO: task 1, ls /usr/bin/ | sort > output/global_exe.txt : ready and waiting for resources 
2021-05-28 12:17:42,739	LoggerReporter	log_event	INFO: task 1, ls /usr/bin/ | sort > output/global_exe.txt : starting to run 
2021-05-28 12:17:42,756	LoggerReporter	task_command	INFO: Tracked executable version:  2.3-Apple (99)

2021-05-28 12:17:42,756	LoggerReporter	task_command	INFO: Executing with shell:  ls /usr/bin/ | sort > output/global_exe.txt
2021-05-28 12:17:42,793	anadama2.helpers	actually_sh	INFO: Execution complete. Stdout: 
Stderr: 
2021-05-28 12:17:42,794	LoggerReporter	log_event	INFO: task 1, ls /usr/bin/ | sort > output/global_exe.txt : completed successfully 
2021-05-28 12:17:42,794	LoggerReporter	finished	ERROR: AnADAMA run finished with errors.
2021-05-28 12:17:46,563	LoggerReporter	started	INFO: Beginning AnADAMA run with 14 tasks.
2021-05-28 12:17:46,563	LoggerReporter	started	INFO: Workflow description = Analysis Template
2021-05-28 12:17:46,564	LoggerReporter	started	INFO: Workflow version = 0.0.1
2021-05-28 12:17:46,564	LoggerReporter	started	INFO: Workflow configuration options
2021-05-28 12:17:46,564	LoggerReporter	started	INFO: lines = 10
2021-05-28 12:17:46,564	LoggerReporter	started	INFO: metadata = input/metadata.tsv
2021-05-28 12:17:46,564	LoggerReporter	started	INFO: output = output
2021-05-28 12:17:46,564	LoggerReporter	started	INFO: input = input/data.tsv
2021-05-28 12:17:46,564	LoggerReporter	started	INFO: config = None
2021-05-28 12:17:46,564	LoggerReporter	started	INFO: jobs = 1
2021-05-28 12:17:46,564	LoggerReporter	started	INFO: grid_jobs = 0
2021-05-28 12:17:46,564	LoggerReporter	started	INFO: grid = aws
2021-05-28 12:17:46,564	LoggerReporter	started	INFO: grid_partition = general
2021-05-28 12:17:46,564	LoggerReporter	started	INFO: grid_benchmark = on
2021-05-28 12:17:46,564	LoggerReporter	started	INFO: grid_options = None
2021-05-28 12:17:46,564	LoggerReporter	started	INFO: grid_environment = None
2021-05-28 12:17:46,564	LoggerReporter	started	INFO: grid_scratch = None
2021-05-28 12:17:46,564	LoggerReporter	started	INFO: dry_run = False
2021-05-28 12:17:46,564	LoggerReporter	started	INFO: skip_nothing = False
2021-05-28 12:17:46,564	LoggerReporter	started	INFO: quit_early = False
2021-05-28 12:17:46,564	LoggerReporter	started	INFO: until_task = None
2021-05-28 12:17:46,564	LoggerReporter	started	INFO: exclude_task = None
2021-05-28 12:17:46,564	LoggerReporter	started	INFO: target = None
2021-05-28 12:17:46,564	LoggerReporter	started	INFO: exclude_target = None
2021-05-28 12:17:46,564	LoggerReporter	started	INFO: log_level = INFO
2021-05-28 12:17:47,783	LoggerReporter	log_event	INFO: task 1, ls /usr/bin/ | sort > output/global_exe.txt : skipped 
2021-05-28 12:17:47,784	LoggerReporter	log_event	INFO: task 3, ls $HOME/.local/bin/ | sort > output/local_exe.txt : skipped 
2021-05-28 12:17:47,784	LoggerReporter	log_event	INFO: task 13, document : skipped 
2021-05-28 12:17:47,784	LoggerReporter	log_event	INFO: task 11, remove_end_tabs : ready and waiting for resources 
2021-05-28 12:17:47,784	LoggerReporter	log_event	INFO: task 11, remove_end_tabs : starting to run 
2021-05-28 12:17:47,785	LoggerReporter	log_event	INFO: task 11, remove_end_tabs : completed successfully 
2021-05-28 12:17:47,785	LoggerReporter	log_event	INFO: task 8, src/analysis.R : ready and waiting for resources 
2021-05-28 12:17:47,785	LoggerReporter	log_event	INFO: task 8, src/analysis.R : starting to run 
2021-05-28 12:17:48,073	LoggerReporter	task_command	INFO: Executing with shell:  src/analysis.R -o /Users/sam1389/Desktop/workspace/Analysis-workflows-template/output -d input/metadata.tsv
2021-05-28 12:17:49,544	anadama2.helpers	actually_sh	INFO: Execution complete. Stdout: b'2021-05-28 12:17:49 INFO::Performing analysis data\n'
Stderr: b'Loading required package: docopt\n\xe2\x94\x80\xe2\x94\x80 Attaching packages \xe2\x94\x80\xe2\x94\x80\xe2\x94\x80\xe2\x94\x80\xe2\x94\x80\xe2\x94\x80\xe2\x94\x80\xe2\x94\x80\xe2\x94\x80\xe2\x94\x80\xe2\x94\x80\xe2\x94\x80\xe2\x94\x80\xe2\x94\x80\xe2\x94\x80\xe2\x94\x80\xe2\x94\x80\xe2\x94\x80\xe2\x94\x80\xe2\x94\x80\xe2\x94\x80\xe2\x94\x80\xe2\x94\x80\xe2\x94\x80\xe2\x94\x80\xe2\x94\x80\xe2\x94\x80\xe2\x94\x80\xe2\x94\x80\xe2\x94\x80\xe2\x94\x80\xe2\x94\x80\xe2\x94\x80\xe2\x94\x80\xe2\x94\x80\xe2\x94\x80\xe2\x94\x80\xe2\x94\x80\xe2\x94\x80 tidyverse 1.3.0 \xe2\x94\x80\xe2\x94\x80\n\xe2\x9c\x94 ggplot2 3.3.3     \xe2\x9c\x94 purrr   0.3.4\n\xe2\x9c\x94 tibble  3.0.4     \xe2\x9c\x94 dplyr   1.0.2\n\xe2\x9c\x94 tidyr   1.1.2     \xe2\x9c\x94 stringr 1.4.0\n\xe2\x9c\x94 readr   1.4.0     \xe2\x9c\x94 forcats 0.5.0\n\xe2\x94\x80\xe2\x94\x80 Conflicts \xe2\x94\x80\xe2\x94\x80\xe2\x94\x80\xe2\x94\x80\xe2\x94\x80\xe2\x94\x80\xe2\x94\x80\xe2\x94\x80\xe2\x94\x80\xe2\x94\x80\xe2\x94\x80\xe2\x94\x80\xe2\x94\x80\xe2\x94\x80\xe2\x94\x80\xe2\x94\x80\xe2\x94\x80\xe2\x94\x80\xe2\x94\x80\xe2\x94\x80\xe2\x94\x80\xe2\x94\x80\xe2\x94\x80\xe2\x94\x80\xe2\x94\x80\xe2\x94\x80\xe2\x94\x80\xe2\x94\x80\xe2\x94\x80\xe2\x94\x80\xe2\x94\x80\xe2\x94\x80\xe2\x94\x80\xe2\x94\x80\xe2\x94\x80\xe2\x94\x80\xe2\x94\x80\xe2\x94\x80\xe2\x94\x80\xe2\x94\x80\xe2\x94\x80\xe2\x94\x80 tidyverse_conflicts() \xe2\x94\x80\xe2\x94\x80\n\xe2\x9c\x96 dplyr::filter() masks stats::filter()\n\xe2\x9c\x96 dplyr::lag()    masks stats::lag()\n\nAttaching package: \xe2\x80\x98reshape2\xe2\x80\x99\n\nThe following object is masked from \xe2\x80\x98package:tidyr\xe2\x80\x99:\n\n    smiths\n\nUsing sample_id as id variables\n'
2021-05-28 12:17:49,545	LoggerReporter	log_event	INFO: task 8, src/analysis.R : completed successfully 
2021-05-28 12:17:49,545	LoggerReporter	log_event	INFO: task 6, src/plot.py : ready and waiting for resources 
2021-05-28 12:17:49,545	LoggerReporter	log_event	INFO: task 6, src/plot.py : starting to run 
2021-05-28 12:17:50,154	LoggerReporter	task_command	INFO: Executing with shell:  src/plot.py --output /Users/sam1389/Desktop/workspace/Analysis-workflows-template/output --input input/data.tsv
2021-05-28 12:17:51,020	anadama2.helpers	actually_sh	INFO: Execution complete. Stdout: 
Stderr: 
2021-05-28 12:17:51,022	LoggerReporter	log_event	INFO: task 6, src/plot.py : completed successfully 
2021-05-28 12:17:51,022	LoggerReporter	log_event	INFO: task 4, src/trim.py : ready and waiting for resources 
2021-05-28 12:17:51,022	LoggerReporter	log_event	INFO: task 4, src/trim.py : starting to run 
2021-05-28 12:17:51,393	LoggerReporter	task_command	INFO: Executing with shell:  src/trim.py --lines 10 --output /Users/sam1389/Desktop/workspace/Analysis-workflows-template/output --input input/data.tsv
2021-05-28 12:17:51,754	anadama2.helpers	actually_sh	INFO: Execution complete. Stdout: 
Stderr: 
2021-05-28 12:17:51,755	LoggerReporter	log_event	INFO: task 4, src/trim.py : completed successfully 
2021-05-28 12:17:51,755	LoggerReporter	log_event	INFO: task 10, cp : ready and waiting for resources 
2021-05-28 12:17:51,755	LoggerReporter	log_event	INFO: task 10, cp : starting to run 
2021-05-28 12:17:51,755	LoggerReporter	task_command	INFO: Executing with shell:  cp /Users/sam1389/Desktop/workspace/Analysis-workflows-template/output/global_exe.txt /Users/sam1389/Desktop/workspace/Analysis-workflows-template/output/data/global_exe.txt_backup
2021-05-28 12:17:51,769	anadama2.helpers	actually_sh	INFO: Execution complete. Stdout: 
Stderr: 
2021-05-28 12:17:51,770	LoggerReporter	log_event	INFO: task 10, cp : completed successfully 
2021-05-28 12:17:51,770	LoggerReporter	finished	INFO: AnADAMA run finished.
2021-05-28 12:17:57,418	LoggerReporter	started	INFO: Beginning AnADAMA run with 14 tasks.
2021-05-28 12:17:57,419	LoggerReporter	started	INFO: Workflow description = Analysis Template
2021-05-28 12:17:57,419	LoggerReporter	started	INFO: Workflow version = 0.0.1
2021-05-28 12:17:57,419	LoggerReporter	started	INFO: Workflow configuration options
2021-05-28 12:17:57,419	LoggerReporter	started	INFO: lines = 10
2021-05-28 12:17:57,419	LoggerReporter	started	INFO: metadata = input/metadata.tsv
2021-05-28 12:17:57,419	LoggerReporter	started	INFO: output = output
2021-05-28 12:17:57,419	LoggerReporter	started	INFO: input = input/data.tsv
2021-05-28 12:17:57,420	LoggerReporter	started	INFO: config = None
2021-05-28 12:17:57,420	LoggerReporter	started	INFO: jobs = 1
2021-05-28 12:17:57,420	LoggerReporter	started	INFO: grid_jobs = 0
2021-05-28 12:17:57,420	LoggerReporter	started	INFO: grid = aws
2021-05-28 12:17:57,420	LoggerReporter	started	INFO: grid_partition = general
2021-05-28 12:17:57,420	LoggerReporter	started	INFO: grid_benchmark = on
2021-05-28 12:17:57,420	LoggerReporter	started	INFO: grid_options = None
2021-05-28 12:17:57,420	LoggerReporter	started	INFO: grid_environment = None
2021-05-28 12:17:57,420	LoggerReporter	started	INFO: grid_scratch = None
2021-05-28 12:17:57,420	LoggerReporter	started	INFO: dry_run = False
2021-05-28 12:17:57,420	LoggerReporter	started	INFO: skip_nothing = False
2021-05-28 12:17:57,420	LoggerReporter	started	INFO: quit_early = False
2021-05-28 12:17:57,420	LoggerReporter	started	INFO: until_task = None
2021-05-28 12:17:57,420	LoggerReporter	started	INFO: exclude_task = None
2021-05-28 12:17:57,420	LoggerReporter	started	INFO: target = None
2021-05-28 12:17:57,420	LoggerReporter	started	INFO: exclude_target = None
2021-05-28 12:17:57,420	LoggerReporter	started	INFO: log_level = INFO
2021-05-28 12:17:58,630	LoggerReporter	log_event	INFO: task 10, cp : skipped 
2021-05-28 12:17:58,631	LoggerReporter	log_event	INFO: task 1, ls /usr/bin/ | sort > output/global_exe.txt : skipped 
2021-05-28 12:17:58,631	LoggerReporter	log_event	INFO: task 3, ls $HOME/.local/bin/ | sort > output/local_exe.txt : skipped 
2021-05-28 12:17:58,631	LoggerReporter	log_event	INFO: task 4, src/trim.py : skipped 
2021-05-28 12:17:58,631	LoggerReporter	log_event	INFO: task 6, src/plot.py : skipped 
2021-05-28 12:17:58,631	LoggerReporter	log_event	INFO: task 8, src/analysis.R : skipped 
2021-05-28 12:17:58,631	LoggerReporter	log_event	INFO: task 11, remove_end_tabs : skipped 
2021-05-28 12:17:58,631	LoggerReporter	log_event	INFO: task 13, document : skipped 
2021-05-28 12:17:58,632	LoggerReporter	finished	INFO: AnADAMA run finished.
2021-05-28 12:18:03,045	LoggerReporter	started	INFO: Beginning AnADAMA run with 14 tasks.
2021-05-28 12:18:03,046	LoggerReporter	started	INFO: Workflow description = Analysis Template
2021-05-28 12:18:03,046	LoggerReporter	started	INFO: Workflow version = 0.0.1
2021-05-28 12:18:03,046	LoggerReporter	started	INFO: Workflow configuration options
2021-05-28 12:18:03,046	LoggerReporter	started	INFO: lines = 10
2021-05-28 12:18:03,046	LoggerReporter	started	INFO: metadata = input/metadata.tsv
2021-05-28 12:18:03,046	LoggerReporter	started	INFO: output = output
2021-05-28 12:18:03,046	LoggerReporter	started	INFO: input = input/data.tsv
2021-05-28 12:18:03,046	LoggerReporter	started	INFO: config = None
2021-05-28 12:18:03,046	LoggerReporter	started	INFO: jobs = 1
2021-05-28 12:18:03,047	LoggerReporter	started	INFO: grid_jobs = 0
2021-05-28 12:18:03,047	LoggerReporter	started	INFO: grid = aws
2021-05-28 12:18:03,047	LoggerReporter	started	INFO: grid_partition = general
2021-05-28 12:18:03,047	LoggerReporter	started	INFO: grid_benchmark = on
2021-05-28 12:18:03,047	LoggerReporter	started	INFO: grid_options = None
2021-05-28 12:18:03,047	LoggerReporter	started	INFO: grid_environment = None
2021-05-28 12:18:03,047	LoggerReporter	started	INFO: grid_scratch = None
2021-05-28 12:18:03,047	LoggerReporter	started	INFO: dry_run = False
2021-05-28 12:18:03,047	LoggerReporter	started	INFO: skip_nothing = False
2021-05-28 12:18:03,047	LoggerReporter	started	INFO: quit_early = False
2021-05-28 12:18:03,047	LoggerReporter	started	INFO: until_task = None
2021-05-28 12:18:03,047	LoggerReporter	started	INFO: exclude_task = None
2021-05-28 12:18:03,047	LoggerReporter	started	INFO: target = None
2021-05-28 12:18:03,047	LoggerReporter	started	INFO: exclude_target = None
2021-05-28 12:18:03,047	LoggerReporter	started	INFO: log_level = INFO
2021-05-28 12:18:04,268	LoggerReporter	log_event	INFO: task 10, cp : skipped 
2021-05-28 12:18:04,268	LoggerReporter	log_event	INFO: task 1, ls /usr/bin/ | sort > output/global_exe.txt : skipped 
2021-05-28 12:18:04,268	LoggerReporter	log_event	INFO: task 3, ls $HOME/.local/bin/ | sort > output/local_exe.txt : skipped 
2021-05-28 12:18:04,268	LoggerReporter	log_event	INFO: task 4, src/trim.py : skipped 
2021-05-28 12:18:04,268	LoggerReporter	log_event	INFO: task 6, src/plot.py : skipped 
2021-05-28 12:18:04,268	LoggerReporter	log_event	INFO: task 8, src/analysis.R : skipped 
2021-05-28 12:18:04,269	LoggerReporter	log_event	INFO: task 11, remove_end_tabs : skipped 
2021-05-28 12:18:04,269	LoggerReporter	log_event	INFO: task 13, document : skipped 
2021-05-28 12:18:04,269	LoggerReporter	finished	INFO: AnADAMA run finished.
